<?xml version="1.0" encoding="UTF-8"?>
<!-- Generated by org.testng.reporters.JUnitReportReporter -->
<testsuite hostname="DESKTOP-KHBEDF4" failures="0" tests="2" name="annotation.AnnotationMethod" time="22.408" errors="0" timestamp="2024-03-06T22:54:18 IST" skipped="0">
  <testcase classname="annotation.AnnotationMethod" name="tC02" time="10.763"/>
  <testcase classname="annotation.AnnotationMethod" name="tC01" time="11.645"/>
</testsuite> <!-- annotation.AnnotationMethod -->
