<?xml version="1.0" encoding="UTF-8"?>
<!-- Generated by org.testng.reporters.JUnitReportReporter -->
<testsuite hostname="DESKTOP-KHBEDF4" failures="0" tests="2" name="annotation.TestNgBasic" time="18.160" errors="0" timestamp="2024-03-06T22:54:18 IST" skipped="0">
  <testcase classname="annotation.TestNgBasic" name="testCase2" time="12.293"/>
  <testcase classname="annotation.TestNgBasic" name="testCase1" time="5.867"/>
</testsuite> <!-- annotation.TestNgBasic -->
