<?xml version="1.0" encoding="UTF-8"?>
<!-- Generated by org.testng.reporters.JUnitReportReporter -->
<testsuite hostname="DESKTOP-KHBEDF4" failures="0" tests="7" name="annotation.PriorityClass" time="0.065" errors="0" timestamp="2024-03-06T22:54:18 IST" skipped="0">
  <testcase classname="annotation.PriorityClass" name="tC_F" time="0.008"/>
  <testcase classname="annotation.PriorityClass" name="tC_G" time="0.008"/>
  <testcase classname="annotation.PriorityClass" name="tC_D" time="0.005"/>
  <testcase classname="annotation.PriorityClass" name="tC_A" time="0.021"/>
  <testcase classname="annotation.PriorityClass" name="tC_B" time="0.011"/>
  <testcase classname="annotation.PriorityClass" name="tC_C" time="0.005"/>
  <testcase classname="annotation.PriorityClass" name="tC_E" time="0.007"/>
</testsuite> <!-- annotation.PriorityClass -->
